15:54:04:544 [important] [FelixStartLevel] WARN  - InfoSource version is empty in getMajorMinorVersion()
15:54:04:544 [important] [FelixStartLevel] WARN  - InfoSource version not found!! skipping relevant version checks
15:54:05:545 [important] [FelixStartLevel] INFO  - xmsim gcc version is 9.3.0
15:54:05:545 [important] [FelixStartLevel] INFO  - indago gcc version is 9.3.0
15:54:05:545 [important] [TangoTaskManager-4] WARN  - An Indago Snapshot/LWD was not loaded. Scripting API functionality may be impacted.
15:54:06:546 [com.cadence.smartlog.bl.common.SLUtils] [TangoTaskManager-5] INFO  - query: 
15:54:12:5412 [user_actions] [AWT-EventQueue-0] DEBUG - refreshSchematicAttributes (SchematicActionsManager$24)

15:54:12:5412 [user_actions] [AWT-EventQueue-0] DEBUG - LiveSimulationRefreshWaveform (GSLLiveSimulationRefreshWaveformAction)

15:54:13:5413 [user_actions] [AWT-EventQueue-0] DEBUG - LiveSimulationRefreshWaveform (GSLLiveSimulationRefreshWaveformAction)

15:54:13:5413 [user_actions] [AWT-EventQueue-0] DEBUG - LiveSimulationRefreshWaveform (GSLLiveSimulationRefreshWaveformAction)

15:54:13:5413 [important] [TangoTaskManager-4] INFO  - ScriptingActivator while loop has finished
15:54:23:5423 [user_actions] [AWT-EventQueue-0] DEBUG - refreshSchematicAttributes (SchematicActionsManager$24)

15:54:26:5426 [user_actions] [AWT-EventQueue-0] DEBUG - Don't Restore (GUFIQuestionDialog$1)
	dialog = autoRestoreUserState (GUFIQuestionDialog)

15:54:31:5431 [user_actions] [AWT-EventQueue-0] DEBUG - recordLogs (GSLRecordLogsAction)

15:54:32:5432 [com.cadence.smartlog.bl.common.SLUtils] [TangoTaskManager-4] INFO  - query: 
15:54:32:5432 [com.cadence.smartlog.bl.common.SLUtils] [Thread-11] INFO  - query: 
15:54:32:5432 [com.cadence.smartlog.bl.common.SLUtils] [TangoTaskManager-3] INFO  - query: 
15:54:44:5444 [user_actions] [AWT-EventQueue-0] DEBUG - run (GSLInteractiveRunPanel$3)

15:54:44:5444 [user_actions] [AWT-EventQueue-0] DEBUG - RUN_FORWARD (GSLDebugStepAction)

15:54:45:5445 [user_actions] [AWT-EventQueue-0] DEBUG - LiveSimulationRefreshWaveform (GSLLiveSimulationRefreshWaveformAction)

15:54:45:5445 [important] [Indago DAC notify callback receiver] WARN  - got the following for key values in msg_destination_files: 1
15:54:45:5445 [important] [Indago DAC notify callback receiver] WARN  - Dest File: key=1 val=stdout, shortName: stdout
15:54:45:5445 [com.cadence.smartlog.bl.common.SLUtils] [TangoTaskManager-4] INFO  - query: 
15:54:45:5445 [com.cadence.smartlog.bl.common.SLUtils] [Thread-15] INFO  - query: 
15:54:45:5445 [com.cadence.smartlog.bl.common.SLUtils] [TangoTaskManager-8] INFO  - query: 
15:55:11:5511 [user_actions] [AWT-EventQueue-0] DEBUG - OK (GUFIQuestionDialog$1)
	dialog = confirmExitDlg (GUFIQuestionDialog)

