xrun(64): 23.09-s001: (c) Copyright 1995-2023 Cadence Design Systems, Inc.
TOOL:	xrun(64)	23.09-s001: Started on Mar 11, 2026 at 01:36:37 EDT
xrun
	-sv
	-gui
	-64bit
	-lwdgen
	-access +rwc
	-verisium
	+incdir+../rtl
	-top tb
	-f ../rtl/lab1.vc
		+libext+.v+.sv+.vlib
		+incdir+/ee/166/CHIPKIT/ip/rtl_inc
		-y ../rtl/
		../rtl/FIR_63TAP.sv
		../rtl/tb.sv
	-l ./simulation.log
SOFTINCLUDE ../../affirma_ams/etc/dms/cds.lib
|
xrun: *W,DLCIML (/usr/cots/cadence/XCELIUM2309/tools/inca/files/cds.lib,13): cds.lib CDS.LIB file included multiple times '/usr/cots/cadence/XCELIUM2309/tools.lnx86/affirma_ams/etc/dms/cds.lib' (cds.lib command ignored).
Recompiling... reason: file '../rtl/FIR_63TAP.sv' is newer than expected.
	expected: Tue Mar 10 15:57:35 2026
	actual:   Wed Mar 11 01:34:51 2026
SOFTINCLUDE ../../affirma_ams/etc/dms/cds.lib
|
xmvlog: *W,DLCIML (/usr/cots/cadence/XCELIUM2309/tools/inca/files/cds.lib,13): cds.lib CDS.LIB file included multiple times '/usr/cots/cadence/XCELIUM2309/tools.lnx86/affirma_ams/etc/dms/cds.lib' (cds.lib command ignored).
file: ../rtl/FIR_63TAP.sv
    `FF(params_l, params[0], CLK, param_en, RSTN, '0);
                                                     |
xmvlog: *W,UEXPSC (../rtl/FIR_63TAP.sv,31|53): Ignored unexpected semicolon following SystemVerilog description keyword (end).
	module worklib.FIR_63TAP:sv
		errors: 0, warnings: 1
file: ../rtl/tb.sv
	module worklib.tb:sv
		errors: 0, warnings: 0
xmvlog: *W,LIBNOU: Library "../rtl/" given but not used.
xmvlog: *W,SPDUSD: Include directory /ee/166/CHIPKIT/ip/rtl_inc given but not used.
	Total errors/warnings found outside modules and primitives:
		errors: 0, warnings: 3
SOFTINCLUDE ../../affirma_ams/etc/dms/cds.lib
|
xmelab: *W,DLCIML (/usr/cots/cadence/XCELIUM2309/tools/inca/files/cds.lib,13): cds.lib CDS.LIB file included multiple times '/usr/cots/cadence/XCELIUM2309/tools.lnx86/affirma_ams/etc/dms/cds.lib' (cds.lib command ignored).
		Caching library 'worklib' ....... Done
	Elaborating the design hierarchy:
	Top level design units:
		tb
	Building instance overlay tables: ....................
    $readmemh("../rtl/input.txt", input_samples);
                                              |
xmelab: *W,MEMODR (../rtl/tb.sv,20|46): $readmem default memory order incompatible with IEEE1364.
  	$readmemh("../rtl/filter_params.txt", params);
  	                                           |
xmelab: *W,MEMODR (../rtl/tb.sv,21|46): $readmem default memory order incompatible with IEEE1364.
    $timeformat(-9, 5, " ns", 10);
              |
xmelab: *W,NOMDTS (../rtl/tb.sv,22|14): No module timescale, $timeformat ignored.
 Done
	Generating native compiled code:
SOFTINCLUDE ../../affirma_ams/etc/dms/cds.lib
|
xmvlog_cg: *W,DLCIML (/usr/cots/cadence/XCELIUM2309/tools/inca/files/cds.lib,13): cds.lib CDS.LIB file included multiple times '/usr/cots/cadence/XCELIUM2309/tools.lnx86/affirma_ams/etc/dms/cds.lib' (cds.lib command ignored).
		worklib.tb:sv <0x3ce40d12>
			streams:  10, words:  7830
		worklib.FIR_63TAP:sv <0x4a88aa21>
			streams:  13, words: 26251
	Building instance specific data structures.
	Loading native compiled code:     .................... Done
	Design hierarchy summary:
		               Instances  Unique
		Modules:               2       2
		Registers:            15      15
		Scalar wires:          4       -
		Vectored wires:        4       -
		Always blocks:       128       6
		Initial blocks:        2       2
		Pseudo assignments:    7       -
		Process Clocks:      126       1
	Writing initial simulation snapshot: worklib.tb:sv
	Parallel LWD Data Generation
	Generating Debug Data:
		LWD Database path: (/h/rkim12/EE166/Lab2_mod/work/xcelium.d/worklib/tb/sv/debug_db/tb)
		Power Aware Instances:                    0
		Liberty Instances:                        0
		Out Of Module References:                 0
		Assertions:                               0
		Liberty Information:
			PG Pins:	                  0
			Liberty Pins:	                  0
SOFTINCLUDE ../../affirma_ams/etc/dms/cds.lib
|
xmsim: *W,DLCIML (/usr/cots/cadence/XCELIUM2309/tools/inca/files/cds.lib,13): cds.lib CDS.LIB file included multiple times '/usr/cots/cadence/XCELIUM2309/tools.lnx86/affirma_ams/etc/dms/cds.lib' (cds.lib command ignored).
xmsim: *W,NOMTDGUI: Multi-Threaded Dumping is disabled for interactive debug mode.

-------------------------------------
Relinquished control to Verisium...
xcelium> 
xcelium> source /usr/cots/cadence/XCELIUM2309/tools/xcelium/files/xmsimrc
xcelium> 
xcelium> 
xcelium> run
xxxxxxxxxx
xxxxxxxxxx
xxxxxxxxxx
xxxxxxxxxx
xxxxxxxxxx
xxxxxxxxxx
xxxxxxxxxx
xxxxxxxxxx
xxxxxxxxxx
xxxxxxxxxx
xxxxxxxxxx
xxxxxxxxxx
xxxxxxxxxx
xxxxxxxxxx
xxxxxxxxxx
xxxxxxxxxx
xxxxxxxxxx
xxxxxxxxxx
xxxxxxxxxx
xxxxxxxxxx
xxxxxxxxxx
xxxxxxxxxx
xxxxxxxxxx
xxxxxxxxxx
xxxxxxxxxx
xxxxxxxxxx
xxxxxxxxxx
xxxxxxxxxx
xxxxxxxxxx
xxxxxxxxxx
xxxxxxxxxx
xxxxxxxxxx
xxxxxxxxxx
xxxxxxxxxx
xxxxxxxxxx
xxxxxxxxxx
xxxxxxxxxx
xxxxxxxxxx
xxxxxxxxxx
xxxxxxxxxx
xxxxxxxxxx
xxxxxxxxxx
xxxxxxxxxx
xxxxxxxxxx
xxxxxxxxxx
xxxxxxxxxx
xxxxxxxxxx
xxxxxxxxxx
xxxxxxxxxx
xxxxxxxxxx
xxxxxxxxxx
xxxxxxxxxx
xxxxxxxxxx
xxxxxxxxxx
xxxxxxxxxx
xxxxxxxxxx
xxxxxxxxxx
xxxxxxxxxx
xxxxxxxxxx
xxxxxxxxxx
xxxxxxxxxx
xxxxxxxxxx
xxxxxxxxxx
0111100000
0011010101
1010100010
1001011000
0001011100
0111011101
0011000111
1010011111
1001100010
0001100010
0111011010
0010111111
1010011001
1001100011
0001101101
0111100001
0010110111
1010001100
1001100111
0001111101
0111100011
0010100100
1010000000
1001110011
0010001101
0111100000
0010010111
1001111110
1001111101
0010010011
0111011101
0010010000
1001111001
1001111110
0010011101
0111100010
0010000111
1001101101
1010000101
0010101110
0111100010
0001110100
1001100100
1010010011
0010111100
0111011101
0001100110
1001100010
1010011100
0011000010
0111011010
0001100000
1001011110
1010011111
0011001100
0111011110
0001010101
1001010010
1010100110
0011011100
0111011101
0001000010
1001001100
1010110110
0011101001
0111010101
0000110101
1001001100
1010111111
0011101110
0111010010
0000101110
1001001000
1011000011
0011111001
0111010101
0000100010
1000111101
1011001101
0100001001
0111010001
0000001111
1000111000
1011011101
0100010101
0111001010
0000000010
1000111001
1011100110
0100011001
0111000110
1111111101
1000110101
1011101010
0100100010
0111000111
1111110000
1000101110
1011110110
0100110010
0111000010
1111011101
1000101010
1100000110
0100111100
0110110111
1111010001
1000101101
1100010001
0101000000
0110110011
1111001010
1000101010
1100010110
0101001001
0110110011
1110111101
1000100010
1100100011
0101011001
0110101101
1110101010
1000100001
1100110011
0101100000
0110100001
1110011111
1000100101
1100111101
0101100011
0110011101
1110011001
1000100010
1101000011
0101101100
0110011011
1110001011
1000011101
1101010001
0101111010
0110010010
1101111000
1000011101
1101100010
0110000001
0110000110
1101101111
1000100010
1101101100
0110000010
0110000001
1101101000
1000011111
1101110010
0110001100
0101111111
1101011011
1000011100
1110000010
0110011000
0101110011
1101001000
1000011110
1110010010
0110011100
0101100110
1101000000
1000100101
1110011101
0110011101
0101100000
1100111000
1000100010
1110100011
0110100111
0101011101
1100101010
Simulation complete via $finish(1) at time 3055 NS + 0
../rtl/tb.sv:58 	$finish;
xcelium> TOOL:	xrun(64)	23.09-s001: Exiting on Mar 11, 2026 at 06:50:09 EDT  (total: 05:13:32)
