23:58:39:5839 [important] [FelixStartLevel] WARN  - InfoSource version is empty in getMajorMinorVersion()
23:58:39:5839 [important] [FelixStartLevel] WARN  - InfoSource version not found!! skipping relevant version checks
23:58:39:5839 [important] [FelixStartLevel] INFO  - xmsim gcc version is 9.3.0
23:58:39:5839 [important] [FelixStartLevel] INFO  - indago gcc version is 9.3.0
23:58:39:5839 [important] [TangoTaskManager-4] WARN  - An Indago Snapshot/LWD was not loaded. Scripting API functionality may be impacted.
23:58:40:5840 [com.cadence.smartlog.bl.common.SLUtils] [TangoTaskManager-5] INFO  - query: 
23:58:44:5844 [user_actions] [AWT-EventQueue-0] DEBUG - refreshSchematicAttributes (SchematicActionsManager$24)

23:58:44:5844 [user_actions] [AWT-EventQueue-0] DEBUG - LiveSimulationRefreshWaveform (GSLLiveSimulationRefreshWaveformAction)

23:58:45:5845 [user_actions] [AWT-EventQueue-0] DEBUG - LiveSimulationRefreshWaveform (GSLLiveSimulationRefreshWaveformAction)

23:58:45:5845 [user_actions] [AWT-EventQueue-0] DEBUG - LiveSimulationRefreshWaveform (GSLLiveSimulationRefreshWaveformAction)

23:58:45:5845 [important] [TangoTaskManager-4] INFO  - ScriptingActivator while loop has finished
23:58:56:5856 [user_actions] [AWT-EventQueue-0] DEBUG - refreshSchematicAttributes (SchematicActionsManager$24)

23:59:48:5948 [user_actions] [AWT-EventQueue-0] DEBUG - run (GSLInteractiveRunPanel$3)

23:59:48:5948 [user_actions] [AWT-EventQueue-0] DEBUG - RUN_FORWARD (GSLDebugStepAction)

23:59:48:5948 [user_actions] [AWT-EventQueue-0] DEBUG - LiveSimulationRefreshWaveform (GSLLiveSimulationRefreshWaveformAction)

00:04:45:445 [user_actions] [AWT-EventQueue-0] DEBUG - RESET (GSLDebugStepAction)

00:04:46:446 [user_actions] [AWT-EventQueue-0] DEBUG - run (GSLInteractiveRunPanel$3)

00:04:46:446 [user_actions] [AWT-EventQueue-0] DEBUG - RUN_FORWARD (GSLDebugStepAction)

00:04:46:446 [user_actions] [AWT-EventQueue-0] DEBUG - LiveSimulationRefreshWaveform (GSLLiveSimulationRefreshWaveformAction)

01:35:09:359 [user_actions] [AWT-EventQueue-0] DEBUG - OK (GUFIQuestionDialog$1)
	dialog = confirmExitDlg (GUFIQuestionDialog)

