13:54:24:5424 [important] [FelixStartLevel] WARN  - InfoSource version is empty in getMajorMinorVersion()
13:54:24:5424 [important] [FelixStartLevel] WARN  - InfoSource version not found!! skipping relevant version checks
13:54:25:5425 [important] [FelixStartLevel] INFO  - xmsim gcc version is 9.3.0
13:54:25:5425 [important] [FelixStartLevel] INFO  - indago gcc version is 9.3.0
13:54:25:5425 [important] [TangoTaskManager-4] WARN  - An Indago Snapshot/LWD was not loaded. Scripting API functionality may be impacted.
13:54:25:5425 [com.cadence.smartlog.bl.common.SLUtils] [TangoTaskManager-5] INFO  - query: 
13:54:30:5430 [user_actions] [AWT-EventQueue-0] DEBUG - refreshSchematicAttributes (SchematicActionsManager$24)

13:54:30:5430 [user_actions] [AWT-EventQueue-0] DEBUG - LiveSimulationRefreshWaveform (GSLLiveSimulationRefreshWaveformAction)

13:54:31:5431 [user_actions] [AWT-EventQueue-0] DEBUG - LiveSimulationRefreshWaveform (GSLLiveSimulationRefreshWaveformAction)

13:54:31:5431 [user_actions] [AWT-EventQueue-0] DEBUG - LiveSimulationRefreshWaveform (GSLLiveSimulationRefreshWaveformAction)

13:54:31:5431 [important] [TangoTaskManager-4] INFO  - ScriptingActivator while loop has finished
13:54:43:5443 [user_actions] [AWT-EventQueue-0] DEBUG - refreshSchematicAttributes (SchematicActionsManager$24)

13:54:50:5450 [user_actions] [AWT-EventQueue-0] DEBUG - run (GSLInteractiveRunPanel$3)

13:54:50:5450 [user_actions] [AWT-EventQueue-0] DEBUG - RUN_FORWARD (GSLDebugStepAction)

13:54:50:5450 [user_actions] [AWT-EventQueue-0] DEBUG - LiveSimulationRefreshWaveform (GSLLiveSimulationRefreshWaveformAction)

13:54:57:5457 [user_actions] [AWT-EventQueue-0] DEBUG - recordLogs (GSLRecordLogsAction)

13:54:57:5457 [com.cadence.smartlog.bl.common.SLUtils] [TangoTaskManager-10] INFO  - query: 
13:54:57:5457 [com.cadence.smartlog.bl.common.SLUtils] [Thread-8] INFO  - query: 
13:54:57:5457 [com.cadence.smartlog.bl.common.SLUtils] [TangoTaskManager-8] INFO  - query: 
13:54:58:5458 [user_actions] [AWT-EventQueue-0] DEBUG - RESET (GSLDebugStepAction)

13:55:00:550 [com.cadence.smartlog.bl.common.SLUtils] [Thread-13] INFO  - query: 
13:55:00:550 [com.cadence.smartlog.bl.common.SLUtils] [TangoTaskManager-10] INFO  - query: 
13:55:00:550 [com.cadence.smartlog.bl.common.SLUtils] [TangoTaskManager-10] INFO  - query: 
13:55:00:550 [com.cadence.smartlog.bl.common.SLUtils] [TangoTaskManager-9] INFO  - query: 
13:55:00:550 [com.cadence.smartlog.bl.common.SLUtils] [Thread-17] INFO  - query: 
13:55:00:550 [com.cadence.smartlog.bl.common.SLUtils] [TangoTaskManager-3] INFO  - query: 
13:55:03:553 [user_actions] [AWT-EventQueue-0] DEBUG - run (GSLInteractiveRunPanel$3)

13:55:03:553 [user_actions] [AWT-EventQueue-0] DEBUG - RUN_FORWARD (GSLDebugStepAction)

13:55:03:553 [user_actions] [AWT-EventQueue-0] DEBUG - LiveSimulationRefreshWaveform (GSLLiveSimulationRefreshWaveformAction)

13:55:03:553 [important] [Indago DAC notify callback receiver] WARN  - got the following for key values in msg_destination_files: 1
13:55:03:553 [important] [Indago DAC notify callback receiver] WARN  - Dest File: key=1 val=stdout, shortName: stdout
13:55:03:553 [com.cadence.smartlog.bl.common.SLUtils] [TangoTaskManager-13] INFO  - query: 
13:55:03:553 [com.cadence.smartlog.bl.common.SLUtils] [Thread-16] INFO  - query: 
13:55:03:553 [com.cadence.smartlog.bl.common.SLUtils] [TangoTaskManager-6] INFO  - query: 
13:56:29:5629 [user_actions] [AWT-EventQueue-0] DEBUG - TraceSignalAction (GUFIFlexMenuPanel$1)

13:56:30:5630 [user_actions] [AWT-EventQueue-0] DEBUG - TraceSignalAction (GUFIFlexMenuPanel$1)

13:56:43:5643 [user_actions] [AWT-EventQueue-0] DEBUG - followSignalUp (GSLFollowSignalUpAction)
	sourceRef = tb.input_samples[tb.j] (tb.sv:34)

13:56:53:5653 [user_actions] [AWT-EventQueue-0] DEBUG - sendToExplorationFromSource (GSLSendToExplorationFromSourceAction)
	sourceRef = tb.out (tb.sv:35)

13:57:39:5739 [user_actions] [AWT-EventQueue-0] DEBUG - RESET (GSLDebugStepAction)

13:57:39:5739 [com.cadence.smartlog.bl.common.SLUtils] [TangoTaskManager-6] INFO  - query: 
13:57:39:5739 [com.cadence.smartlog.bl.common.SLUtils] [Thread-213] INFO  - query: 
13:57:39:5739 [com.cadence.smartlog.bl.common.SLUtils] [TangoTaskManager-8] INFO  - query: 
13:57:39:5739 [com.cadence.smartlog.bl.common.SLUtils] [TangoTaskManager-13] INFO  - query: 
13:57:39:5739 [com.cadence.smartlog.bl.common.SLUtils] [Thread-204] INFO  - query: 
13:57:39:5739 [com.cadence.smartlog.bl.common.SLUtils] [TangoTaskManager-13] INFO  - query: 
13:57:40:5740 [user_actions] [AWT-EventQueue-0] DEBUG - run (GSLInteractiveRunPanel$3)

13:57:40:5740 [user_actions] [AWT-EventQueue-0] DEBUG - RUN_FORWARD (GSLDebugStepAction)

13:57:40:5740 [user_actions] [AWT-EventQueue-0] DEBUG - LiveSimulationRefreshWaveform (GSLLiveSimulationRefreshWaveformAction)

13:57:40:5740 [important] [Indago DAC notify callback receiver] WARN  - got the following for key values in msg_destination_files: 1
13:57:40:5740 [important] [Indago DAC notify callback receiver] WARN  - Dest File: key=1 val=stdout, shortName: stdout
13:57:40:5740 [com.cadence.smartlog.bl.common.SLUtils] [TangoTaskManager-4] INFO  - query: 
13:57:40:5740 [com.cadence.smartlog.bl.common.SLUtils] [Thread-215] INFO  - query: 
13:57:40:5740 [com.cadence.smartlog.bl.common.SLUtils] [TangoTaskManager-7] INFO  - query: 
13:59:08:598 [user_actions] [AWT-EventQueue-0] DEBUG - Trace Cause actionable column (designTopsTreeTable_topsSignalsTreeTable)
	entity = tb.u_dut.CLK

13:59:14:5914 [user_actions] [AWT-EventQueue-0] DEBUG - RESET (GSLDebugStepAction)

13:59:14:5914 [com.cadence.smartlog.bl.common.SLUtils] [Thread-260] INFO  - query: 
13:59:14:5914 [com.cadence.smartlog.bl.common.SLUtils] [TangoTaskManager-4] INFO  - query: 
13:59:14:5914 [com.cadence.smartlog.bl.common.SLUtils] [TangoTaskManager-4] INFO  - query: 
13:59:15:5915 [com.cadence.smartlog.bl.common.SLUtils] [TangoTaskManager-10] INFO  - query: 
13:59:15:5915 [com.cadence.smartlog.bl.common.SLUtils] [Thread-254] INFO  - query: 
13:59:15:5915 [com.cadence.smartlog.bl.common.SLUtils] [TangoTaskManager-3] INFO  - query: 
13:59:15:5915 [user_actions] [AWT-EventQueue-0] DEBUG - run (GSLInteractiveRunPanel$3)

13:59:15:5915 [user_actions] [AWT-EventQueue-0] DEBUG - RUN_FORWARD (GSLDebugStepAction)

13:59:16:5916 [user_actions] [AWT-EventQueue-0] DEBUG - LiveSimulationRefreshWaveform (GSLLiveSimulationRefreshWaveformAction)

13:59:16:5916 [important] [Indago DAC notify callback receiver] WARN  - got the following for key values in msg_destination_files: 1
13:59:16:5916 [important] [Indago DAC notify callback receiver] WARN  - Dest File: key=1 val=stdout, shortName: stdout
13:59:16:5916 [com.cadence.smartlog.bl.common.SLUtils] [Thread-254] INFO  - query: 
13:59:16:5916 [com.cadence.smartlog.bl.common.SLUtils] [TangoTaskManager-10] INFO  - query: 
13:59:16:5916 [com.cadence.smartlog.bl.common.SLUtils] [TangoTaskManager-7] INFO  - query: 
13:59:21:5921 [user_actions] [AWT-EventQueue-0] DEBUG - Waveform (GSLSendVariablesToWaveAction)
	source = designTopsTreeTable_topsSignalsTreeTable
	entity = tb.u_dut.CLK

13:59:28:5928 [user_actions] [AWT-EventQueue-0] DEBUG - Waveform (GSLSendVariablesToWaveAction)
	source = designTopsTreeTable_topsSignalsTreeTable
	entity = tb.u_dut.EN

13:59:34:5934 [user_actions] [AWT-EventQueue-0] DEBUG - Waveform (GSLSendVariablesToWaveAction)
	source = designTopsTreeTable_topsSignalsTreeTable
	entity = tb.u_dut.RSTN

13:59:43:5943 [user_actions] [AWT-EventQueue-0] DEBUG - Create Grid from This... (GridWaveAction)
	selected = tb.u_dut.RSTN

13:59:55:5955 [user_actions] [AWT-EventQueue-0] DEBUG - RESET (GSLDebugStepAction)

13:59:56:5956 [com.cadence.smartlog.bl.common.SLUtils] [Thread-253] INFO  - query: 
13:59:56:5956 [com.cadence.smartlog.bl.common.SLUtils] [TangoTaskManager-15] INFO  - query: 
13:59:56:5956 [com.cadence.smartlog.bl.common.SLUtils] [TangoTaskManager-8] INFO  - query: 
13:59:56:5956 [important] [Indago DAC notify callback receiver] WARN  - Got dakNotify_State_Exit event with data: why user
13:59:56:5956 [com.cadence.smartlog.bl.common.SLUtils] [TangoTaskManager-0] INFO  - query: 
13:59:56:5956 [com.cadence.smartlog.bl.common.SLUtils] [Thread-259] INFO  - query: 
13:59:56:5956 [com.cadence.smartlog.bl.common.SLUtils] [TangoTaskManager-3] INFO  - query: 
13:59:56:5956 [user_actions] [AWT-EventQueue-0] DEBUG - LiveSimulationRefreshWaveform (GSLLiveSimulationRefreshWaveformAction)

13:59:56:5956 [user_actions] [AWT-EventQueue-0] DEBUG - run (GSLInteractiveRunPanel$3)

13:59:56:5956 [user_actions] [AWT-EventQueue-0] DEBUG - RUN_FORWARD (GSLDebugStepAction)

13:59:57:5957 [user_actions] [AWT-EventQueue-0] DEBUG - LiveSimulationRefreshWaveform (GSLLiveSimulationRefreshWaveformAction)

13:59:57:5957 [important] [Indago DAC notify callback receiver] WARN  - got the following for key values in msg_destination_files: 1
13:59:57:5957 [important] [Indago DAC notify callback receiver] WARN  - Dest File: key=1 val=stdout, shortName: stdout
13:59:57:5957 [com.cadence.smartlog.bl.common.SLUtils] [TangoTaskManager-10] INFO  - query: 
13:59:57:5957 [com.cadence.smartlog.bl.common.SLUtils] [Thread-257] INFO  - query: 
13:59:57:5957 [com.cadence.smartlog.bl.common.SLUtils] [TangoTaskManager-15] INFO  - query: 
14:00:14:014 [user_actions] [AWT-EventQueue-0] DEBUG - sendToWaveformActionSet (GSLSendToWaveActionSet)
	source = designTopsTreeTable_topsSignalsTreeTable
	entity = tb.u_dut.out[9:0]

14:00:54:054 [user_actions] [AWT-EventQueue-0] DEBUG - sendToWaveformActionSet (GSLSendToWaveActionSet)
	source = designTopsTreeTable_topsSignalsTreeTable
	entity = tb.u_dut.samples[9:0]

14:00:58:058 [user_actions] [AWT-EventQueue-0] DEBUG - RESET (GSLDebugStepAction)

14:00:58:058 [com.cadence.smartlog.bl.common.SLUtils] [Thread-253] INFO  - query: 
14:00:58:058 [com.cadence.smartlog.bl.common.SLUtils] [TangoTaskManager-15] INFO  - query: 
14:00:58:058 [com.cadence.smartlog.bl.common.SLUtils] [TangoTaskManager-8] INFO  - query: 
14:00:58:058 [com.cadence.smartlog.bl.common.SLUtils] [Thread-253] INFO  - query: 
14:00:58:058 [com.cadence.smartlog.bl.common.SLUtils] [TangoTaskManager-17] INFO  - query: 
14:00:58:058 [com.cadence.smartlog.bl.common.SLUtils] [TangoTaskManager-13] INFO  - query: 
14:00:59:059 [user_actions] [AWT-EventQueue-0] DEBUG - run (GSLInteractiveRunPanel$3)

14:00:59:059 [user_actions] [AWT-EventQueue-0] DEBUG - RUN_FORWARD (GSLDebugStepAction)

14:00:59:059 [user_actions] [AWT-EventQueue-0] DEBUG - LiveSimulationRefreshWaveform (GSLLiveSimulationRefreshWaveformAction)

14:00:59:059 [important] [Indago DAC notify callback receiver] WARN  - got the following for key values in msg_destination_files: 1
14:00:59:059 [important] [Indago DAC notify callback receiver] WARN  - Dest File: key=1 val=stdout, shortName: stdout
14:00:59:059 [com.cadence.smartlog.bl.common.SLUtils] [Thread-254] INFO  - query: 
14:00:59:059 [com.cadence.smartlog.bl.common.SLUtils] [TangoTaskManager-18] INFO  - query: 
14:00:59:059 [com.cadence.smartlog.bl.common.SLUtils] [TangoTaskManager-12] INFO  - query: 
14:01:16:116 [user_actions] [AWT-EventQueue-0] DEBUG - Save Waveform (SaveWaveformAction)
	selected = tb.u_dut.samples[9:0]

14:01:16:116 [com.cadence.smartlog.bl.common.SLUtils] [AWT-EventQueue-0] WARN  - /h/rkim12/.verisium_debug/waves_saves/ should have been a directory
14:01:23:123 [user_actions] [AWT-EventQueue-0] DEBUG - exportWaveform (ExportWaveformAction)
	selected = tb.u_dut.samples[9:0]

14:01:27:127 [user_actions] [AWT-EventQueue-0] DEBUG - cancel (GUFIDefaultDialog$3)
	dialog = textLabelBrowseDialog (ExportWaveformDialog)

14:01:29:129 [user_actions] [AWT-EventQueue-0] DEBUG - exportWaveform (ExportWaveformAction)
	selected = tb.u_dut.samples[9:0]

14:01:35:135 [user_actions] [AWT-EventQueue-0] DEBUG - OK (GUFIQuestionDialog$1)
	dialog = okDialog (GUFIQuestionDialog)

14:01:36:136 [user_actions] [AWT-EventQueue-0] DEBUG - cancel (GUFIDefaultDialog$3)
	dialog = textLabelBrowseDialog (ExportWaveformDialog)

14:02:04:24 [user_actions] [AWT-EventQueue-0] DEBUG - OK (GUFIQuestionDialog$1)
	dialog = confirmExitDlg (GUFIQuestionDialog)

