Picked up _JAVA_OPTIONS:  -XX:+ExitOnOutOfMemoryError -XX:OnOutOfMemoryError="touch /h/rkim12/EE166/Lab2/work/verisium_debug_logs/out_of_memory_error" 
CompilerOracle: exclude javax/swing/text/GlyphView.getBreakSpot
CompilerOracle: exclude javax/swing/text/GlyphView.getBreakSpot
Loading libdac.so from /usr/cots/cadence/VERISIUMDEBUG2409/tools/lib/64bit/libdac.so


in 'SimConnect::_simcontrolConnect' overlay db = null, overlayH = 0, is valid = false, operation = dapOpen, duFilename = null, isLiveSim = true
in 'JDACTBDataProvider::notifyLiveConnectionDB', sessionId = 0


**** found lwd dir to be: /h/rkim12/EE166/Lab2/work/xcelium.d/worklib/tb/sv



**** found cdslib to be: /h/rkim12/EE166/Lab2/work/xcelium.d/run.d/cds.lib

in 'JDACTBDataProvider::notifyLiveConnectionDB', 'dbH' represents 'simulator' db.
PPEAttributes values:
    isAutofetch = false
    isPersistentSources = false
    isXprop = false
    cdslib = /h/rkim12/EE166/Lab2/work/xcelium.d/run.d/cds.lib
    snapshot = worklib.tb:sv
    workdir = /h/rkim12/EE166/Lab2/work
    xceliumDir = /h/rkim12/EE166/Lab2/work/xcelium.d
    rundDir = /h/rkim12/EE166/Lab2/work/xcelium.d/run.d
    bits = 64
    cds_implicit_tmpdir = 
    cds_alternate_tmpdir = 
    du_agent = 
    lwddir = /h/rkim12/EE166/Lab2/work/xcelium.d/worklib/tb/sv
    cds_alternate_cdslib = 
    elab_options = 
    found = true
    nclsRun = false
    includeCdslib = true
    nclsOpts =  -snapshot -cdslib /h/rkim12/EE166/Lab2/work/xcelium.d/run.d/cds.lib -64
    isMceMode = false
    isMceInvolved = false
    mceLshmDbPath = 
    lowPowerInformationAvailable = false
    hasLshmFile = false
    workdirIsDirectory = true
    hasOverlayRelatedInformation = true
    cds_implicit_tmplib = 
    cds_other_implicit_tmplibs = 


Dump DB Order:
Strap design: simulator #8

End of dump DB Order


### Excluding compile: javax.swing.text.GlyphView::getBreakSpot




Scripting Service started, listening on port 33609...


GOT COMMAND: 

GOT COMMAND: dump

DT_MESSAGE starting DT for "tb.u_dut.CLK" at 0(0) 
DT_MESSAGE signal not traced "CLK" 
in 'JDACTBDataProvider::openDBInner', dbPath = /h/rkim12/EE166/Lab2/work/ida.db/ida.shm/ida.trn, getExplicitLwdFlag() = null


**** found lwd dir to be: /h/rkim12/EE166/Lab2/work/xcelium.d/worklib/tb/sv



**** found cdslib to be: /h/rkim12/EE166/Lab2/work/xcelium.d/run.d/cds.lib

in 'SimConnect::loadSnapshotHelper', 'dbH' represents 'ida' db, 'lwdDbH' represents 'simulator' db, PPEAttributes were fetched from 'simulator' db. PPEAttributes values:
    isAutofetch = false
    isPersistentSources = false
    isXprop = false
    cdslib = /h/rkim12/EE166/Lab2/work/xcelium.d/run.d/cds.lib
    snapshot = worklib.tb:sv
    workdir = /h/rkim12/EE166/Lab2/work
    xceliumDir = /h/rkim12/EE166/Lab2/work/xcelium.d
    rundDir = /h/rkim12/EE166/Lab2/work/xcelium.d/run.d
    bits = 64
    cds_implicit_tmpdir = 
    cds_alternate_tmpdir = 
    du_agent = 
    lwddir = /h/rkim12/EE166/Lab2/work/xcelium.d/worklib/tb/sv
    cds_alternate_cdslib = 
    elab_options = 
    found = true
    nclsRun = false
    includeCdslib = true
    nclsOpts =  -snapshot -cdslib /h/rkim12/EE166/Lab2/work/xcelium.d/run.d/cds.lib -64
    isMceMode = false
    isMceInvolved = false
    mceLshmDbPath = 
    lowPowerInformationAvailable = false
    hasLshmFile = false
    workdirIsDirectory = true
    hasOverlayRelatedInformation = true
    cds_implicit_tmplib = 
    cds_other_implicit_tmplibs = 

in 'SimConnect::generateDuAgentCommand', cmd = [/usr/cots/cadence/VERISIUMDEBUG2409/tools.lnx86/simvision/bin/64bit/cds-avs-du-agent, -nocopyright, -nowarn, DLNOCL, -xlm_install_root, /usr/cots/cadence/XCELIUM2309, -cdslib, /h/rkim12/EE166/Lab2/work/xcelium.d/run.d/cds.lib, -lwddir, /h/rkim12/EE166/Lab2/work/xcelium.d/worklib/tb/sv/debug_db, -cellname, tb, -64]
in 'SimConnect::execDuAgent_usingPreEstablishedServiceConnection', duAgent process pid = 737922


in 'SimConnect::simControlConnectWithPreEstablishedConnection' overlay db = ida, overlayH = 220, is valid = true, operation = dapOpenOverlay, duFilename = /h/rkim12/EE166/Lab2/work/xcelium.d/worklib/tb/sv/debug_db/tb/tb.dsn, isLiveSim = false

Dump DB Order:
Strap design: simulator #8
Strap design: ida #220
 --> ida, path = /h/rkim12/EE166/Lab2/work/ida.db/ida.shm/ida.dsn, type = 4, #228
 --> /h/rkim12/EE166/Lab2/work/xcelium.d/worklib/tb/sv/debug_db/tb/tb.dsn, path = /h/rkim12/EE166/Lab2/work/xcelium.d/worklib/tb/sv/debug_db/tb/tb.dsn, type = 4, #229

End of dump DB Order



Dump DB Order:
Strap design: simulator #8
Strap design: ida #220
 --> ida, path = /h/rkim12/EE166/Lab2/work/ida.db/ida.shm/ida.dsn, type = 4, #228
 --> /h/rkim12/EE166/Lab2/work/xcelium.d/worklib/tb/sv/debug_db/tb/tb.dsn, path = /h/rkim12/EE166/Lab2/work/xcelium.d/worklib/tb/sv/debug_db/tb/tb.dsn, type = 4, #229

End of dump DB Order


in 'JDACTBDataProvider::openDBInner', dbPath = /h/rkim12/EE166/Lab2/work/ida.db/ida.shm/ida-1.trn, getExplicitLwdFlag() = null

Dump DB Order:
Strap design: simulator #8
 --> ida, path = /h/rkim12/EE166/Lab2/work/ida.db/ida.shm/ida.dsn, type = 4, #228
Strap design: ida #220
 --> ida, path = /h/rkim12/EE166/Lab2/work/ida.db/ida.shm/ida.dsn, type = 4, #228
 --> /h/rkim12/EE166/Lab2/work/xcelium.d/worklib/tb/sv/debug_db/tb/tb.dsn, path = /h/rkim12/EE166/Lab2/work/xcelium.d/worklib/tb/sv/debug_db/tb/tb.dsn, type = 4, #229

End of dump DB Order


in 'JDACTBDataProvider::openDBInner', dbPath = /h/rkim12/EE166/Lab2/work/ida.db/ida.shm/ida.trn, getExplicitLwdFlag() = null

Dump DB Order:
Strap design: simulator #8
 --> ida, path = /h/rkim12/EE166/Lab2/work/ida.db/ida.shm/ida.dsn, type = 4, #228
Strap design: ida #220
 --> ida, path = /h/rkim12/EE166/Lab2/work/ida.db/ida.shm/ida.dsn, type = 4, #228
 --> /h/rkim12/EE166/Lab2/work/xcelium.d/worklib/tb/sv/debug_db/tb/tb.dsn, path = /h/rkim12/EE166/Lab2/work/xcelium.d/worklib/tb/sv/debug_db/tb/tb.dsn, type = 4, #229

End of dump DB Order


in 'JDACTBDataProvider::openDBInner', dbPath = /h/rkim12/EE166/Lab2/work/ida.db/ida.shm/ida-1.trn, getExplicitLwdFlag() = null

Dump DB Order:
Strap design: simulator #8
 --> ida, path = /h/rkim12/EE166/Lab2/work/ida.db/ida.shm/ida.dsn, type = 4, #228
Strap design: ida #220
 --> ida, path = /h/rkim12/EE166/Lab2/work/ida.db/ida.shm/ida.dsn, type = 4, #228
 --> /h/rkim12/EE166/Lab2/work/xcelium.d/worklib/tb/sv/debug_db/tb/tb.dsn, path = /h/rkim12/EE166/Lab2/work/xcelium.d/worklib/tb/sv/debug_db/tb/tb.dsn, type = 4, #229

End of dump DB Order




**** found lwd dir to be: /h/rkim12/EE166/Lab2/work/xcelium.d/worklib/tb/sv



**** found cdslib to be: /h/rkim12/EE166/Lab2/work/xcelium.d/run.d/cds.lib



**** found lwd dir to be: /h/rkim12/EE166/Lab2/work/xcelium.d/worklib/tb/sv



**** found cdslib to be: /h/rkim12/EE166/Lab2/work/xcelium.d/run.d/cds.lib



**** found cdslib to be: /h/rkim12/EE166/Lab2/work/xcelium.d/run.lnx8664.23.09.d/cds.lib



**** Lwd path was derived from given DB. Loading lwd file from: /h/rkim12/EE166/Lab2/work/xcelium.d/worklib/tb/sv

in 'JDACTBDataProvider::openDBInner', dbPath = /h/rkim12/EE166/Lab2/work/ida.db/ida.shm/ida.trn, getExplicitLwdFlag() = null

Dump DB Order:
Strap design: simulator #8
 --> ida, path = /h/rkim12/EE166/Lab2/work/ida.db/ida.shm/ida.dsn, type = 4, #228
Strap design: ida #220
 --> ida, path = /h/rkim12/EE166/Lab2/work/ida.db/ida.shm/ida.dsn, type = 4, #228
 --> /h/rkim12/EE166/Lab2/work/xcelium.d/worklib/tb/sv/debug_db/tb/tb.dsn, path = /h/rkim12/EE166/Lab2/work/xcelium.d/worklib/tb/sv/debug_db/tb/tb.dsn, type = 4, #229

End of dump DB Order


in 'JDACTBDataProvider::openDBInner', dbPath = /h/rkim12/EE166/Lab2/work/ida.db/ida.shm/ida-1.trn, getExplicitLwdFlag() = null

Dump DB Order:
Strap design: simulator #8
 --> ida, path = /h/rkim12/EE166/Lab2/work/ida.db/ida.shm/ida.dsn, type = 4, #228
Strap design: ida #220
 --> ida, path = /h/rkim12/EE166/Lab2/work/ida.db/ida.shm/ida.dsn, type = 4, #228
 --> /h/rkim12/EE166/Lab2/work/xcelium.d/worklib/tb/sv/debug_db/tb/tb.dsn, path = /h/rkim12/EE166/Lab2/work/xcelium.d/worklib/tb/sv/debug_db/tb/tb.dsn, type = 4, #229

End of dump DB Order


in 'JDACTBDataProvider::openDBInner', dbPath = /h/rkim12/EE166/Lab2/work/ida.db/ida.shm/ida-2.trn, getExplicitLwdFlag() = null

Dump DB Order:
Strap design: simulator #8
 --> ida, path = /h/rkim12/EE166/Lab2/work/ida.db/ida.shm/ida.dsn, type = 4, #228
Strap design: ida #220
 --> ida, path = /h/rkim12/EE166/Lab2/work/ida.db/ida.shm/ida.dsn, type = 4, #228
 --> /h/rkim12/EE166/Lab2/work/xcelium.d/worklib/tb/sv/debug_db/tb/tb.dsn, path = /h/rkim12/EE166/Lab2/work/xcelium.d/worklib/tb/sv/debug_db/tb/tb.dsn, type = 4, #229

End of dump DB Order


in 'SimConnect::unloadSnapshot', terminating pid = 737922

Dump DB Order:
Strap design: simulator #8

End of dump DB Order


*** shutting down gRPC server since JVM is shutting down
*** server shut down
