13:39:59:3959 [important] [FelixStartLevel] WARN  - InfoSource version is empty in getMajorMinorVersion()
13:39:59:3959 [important] [FelixStartLevel] WARN  - InfoSource version not found!! skipping relevant version checks
13:40:00:400 [important] [FelixStartLevel] INFO  - xmsim gcc version is 9.3.0
13:40:00:400 [important] [FelixStartLevel] INFO  - indago gcc version is 9.3.0
13:40:00:400 [important] [TangoTaskManager-4] WARN  - An Indago Snapshot/LWD was not loaded. Scripting API functionality may be impacted.
13:40:01:401 [com.cadence.smartlog.bl.common.SLUtils] [TangoTaskManager-5] INFO  - query: 
13:40:07:407 [user_actions] [AWT-EventQueue-0] DEBUG - refreshSchematicAttributes (SchematicActionsManager$24)

13:40:07:407 [user_actions] [AWT-EventQueue-0] DEBUG - LiveSimulationRefreshWaveform (GSLLiveSimulationRefreshWaveformAction)

13:40:07:407 [user_actions] [AWT-EventQueue-0] DEBUG - LiveSimulationRefreshWaveform (GSLLiveSimulationRefreshWaveformAction)

13:40:07:407 [user_actions] [AWT-EventQueue-0] DEBUG - LiveSimulationRefreshWaveform (GSLLiveSimulationRefreshWaveformAction)

13:40:08:408 [important] [TangoTaskManager-4] INFO  - ScriptingActivator while loop has finished
13:40:21:4021 [user_actions] [AWT-EventQueue-0] DEBUG - refreshSchematicAttributes (SchematicActionsManager$24)

13:40:34:4034 [user_actions] [AWT-EventQueue-0] DEBUG - run (GSLInteractiveRunPanel$3)

13:40:34:4034 [user_actions] [AWT-EventQueue-0] DEBUG - RUN_FORWARD (GSLDebugStepAction)

13:40:35:4035 [user_actions] [AWT-EventQueue-0] DEBUG - LiveSimulationRefreshWaveform (GSLLiveSimulationRefreshWaveformAction)

13:43:49:4349 [user_actions] [AWT-EventQueue-0] DEBUG - RESET (GSLDebugStepAction)

13:43:57:4357 [user_actions] [AWT-EventQueue-0] DEBUG - LiveSimulationFreezeWaveform (GSLLiveSimulationFreezeWaveformAction)

13:43:59:4359 [user_actions] [AWT-EventQueue-0] DEBUG - run (GSLInteractiveRunPanel$3)

13:43:59:4359 [user_actions] [AWT-EventQueue-0] DEBUG - RUN_FORWARD (GSLDebugStepAction)

13:43:59:4359 [user_actions] [AWT-EventQueue-0] DEBUG - LiveSimulationRefreshWaveform (GSLLiveSimulationRefreshWaveformAction)

13:44:39:4439 [user_actions] [AWT-EventQueue-0] DEBUG - showIdentifierSource (GSLShowDeclarationSourceAction)
	source = designTopsTreeTable_topsSignalsTreeTable
	entity = tb.input_samples[248]

13:49:45:4945 [user_actions] [AWT-EventQueue-0] DEBUG - recordLogs (GSLRecordLogsAction)

13:49:45:4945 [com.cadence.smartlog.bl.common.SLUtils] [TangoTaskManager-0] INFO  - query: 
13:49:45:4945 [com.cadence.smartlog.bl.common.SLUtils] [Thread-261] INFO  - query: 
13:49:45:4945 [com.cadence.smartlog.bl.common.SLUtils] [TangoTaskManager-1] INFO  - query: 
13:49:49:4949 [user_actions] [AWT-EventQueue-0] DEBUG - RESET (GSLDebugStepAction)

13:49:50:4950 [com.cadence.smartlog.bl.common.SLUtils] [Thread-251] INFO  - query: 
13:49:50:4950 [com.cadence.smartlog.bl.common.SLUtils] [TangoTaskManager-11] INFO  - query: 
13:49:50:4950 [com.cadence.smartlog.bl.common.SLUtils] [TangoTaskManager-9] INFO  - query: 
13:49:50:4950 [com.cadence.smartlog.bl.common.SLUtils] [TangoTaskManager-6] INFO  - query: 
13:49:50:4950 [com.cadence.smartlog.bl.common.SLUtils] [Thread-266] INFO  - query: 
13:49:50:4950 [com.cadence.smartlog.bl.common.SLUtils] [TangoTaskManager-0] INFO  - query: 
13:50:47:5047 [user_actions] [AWT-EventQueue-0] DEBUG - run (GSLInteractiveRunPanel$3)

13:50:47:5047 [user_actions] [AWT-EventQueue-0] DEBUG - RUN_FORWARD (GSLDebugStepAction)

13:50:47:5047 [user_actions] [AWT-EventQueue-0] DEBUG - LiveSimulationRefreshWaveform (GSLLiveSimulationRefreshWaveformAction)

13:50:47:5047 [important] [Indago DAC notify callback receiver] WARN  - got the following for key values in msg_destination_files: 1
13:50:47:5047 [important] [Indago DAC notify callback receiver] WARN  - Dest File: key=1 val=stdout, shortName: stdout
13:50:47:5047 [com.cadence.smartlog.bl.common.SLUtils] [TangoTaskManager-4] INFO  - query: 
13:50:47:5047 [com.cadence.smartlog.bl.common.SLUtils] [Thread-267] INFO  - query: 
13:50:48:5048 [com.cadence.smartlog.bl.common.SLUtils] [TangoTaskManager-13] INFO  - query: 
13:52:35:5235 [user_actions] [AWT-EventQueue-0] DEBUG - OK (GUFIQuestionDialog$1)
	dialog = confirmExitDlg (GUFIQuestionDialog)

