Picked up _JAVA_OPTIONS:  -XX:+ExitOnOutOfMemoryError -XX:OnOutOfMemoryError="touch /h/rkim12/EE166/Lab2/work/verisium_debug_logs/out_of_memory_error" 
CompilerOracle: exclude javax/swing/text/GlyphView.getBreakSpot
CompilerOracle: exclude javax/swing/text/GlyphView.getBreakSpot
Loading libdac.so from /usr/cots/cadence/VERISIUMDEBUG2409/tools/lib/64bit/libdac.so


in 'SimConnect::_simcontrolConnect' overlay db = null, overlayH = 0, is valid = false, operation = dapOpen, duFilename = null, isLiveSim = true
in 'JDACTBDataProvider::notifyLiveConnectionDB', sessionId = 0


**** found lwd dir to be: /h/rkim12/EE166/Lab2/work/xcelium.d/worklib/tb/sv



**** found cdslib to be: /h/rkim12/EE166/Lab2/work/xcelium.d/run.d/cds.lib

Indexing design db: cds-dsn-gen -envsearch -snapshot worklib.tb:sv -cdslib /h/rkim12/EE166/Lab2/work/xcelium.d/run.d/cds.lib -64
in 'JDACTBDataProvider::notifyLiveConnectionDB', 'dbH' represents 'simulator' db.
PPEAttributes values:
    isAutofetch = false
    isPersistentSources = false
    isXprop = false
    cdslib = /h/rkim12/EE166/Lab2/work/xcelium.d/run.d/cds.lib
    snapshot = worklib.tb:sv
    workdir = /h/rkim12/EE166/Lab2/work
    xceliumDir = /h/rkim12/EE166/Lab2/work/xcelium.d
    rundDir = /h/rkim12/EE166/Lab2/work/xcelium.d/run.d
    bits = 64
    cds_implicit_tmpdir = 
    cds_alternate_tmpdir = 
    du_agent = 
    lwddir = /h/rkim12/EE166/Lab2/work/xcelium.d/worklib/tb/sv
    cds_alternate_cdslib = 
    elab_options = 
    found = true
    nclsRun = false
    includeCdslib = true
    nclsOpts =  -snapshot -cdslib /h/rkim12/EE166/Lab2/work/xcelium.d/run.d/cds.lib -64
    isMceMode = false
    isMceInvolved = false
    mceLshmDbPath = 
    lowPowerInformationAvailable = false
    hasLshmFile = false
    workdirIsDirectory = true
    hasOverlayRelatedInformation = true
    cds_implicit_tmplib = 
    cds_other_implicit_tmplibs = 


Dump DB Order:
Strap design: simulator #8

End of dump DB Order


### Excluding compile: javax.swing.text.GlyphView::getBreakSpot
visadev(64): 23.09-s001: (c) Copyright 1995-2023 Cadence Design Systems, Inc.

WARNING: Liberty related data currently cannot be recorded for
	 post process debug in offline mode. If your design contains
	 Liberty and you will be debugging this information it is 
	 recommended that you generate the liberty debug data during
	 elaboration by using the "-lwd_prepare" option to xrun.
	 Then run cds-dsn-gen with the "-lwd_complete" option
	 to finish the data generation.

	 If you do not use "-lwd_complete", any data saved by "-lwd_prepare"
	 will be overwritten.

	 If you wish to generate all the data during snapshot creation,
	 then use the "-lwdgen" option to xrun.

visadev: *W,DLCIML (/usr/cots/cadence/XCELIUM2309/tools/inca/files/cds.lib,13): cds.lib CDS.LIB file included multiple times '/usr/cots/cadence/XCELIUM2309/tools.lnx86/affirma_ams/etc/dms/cds.lib' (cds.lib command ignored).





Scripting Service started, listening on port 44565...


GOT COMMAND: 

*** shutting down gRPC server since JVM is shutting down
*** server shut down
